<?xml version="1.0" encoding="UTF-8"?>
<!-- Generated by org.testng.reporters.JUnitReportReporter -->
<testsuite hostname="LAPTOP-0IUAR7RC" failures="0" tests="1" name="com.pupu.TestAppian" time="5.961" errors="0" timestamp="23 Jun 2024 22:42:13 GMT">
  <testcase classname="com.pupu.TestAppian" name="f" time="5.961"/>
</testsuite> <!-- com.pupu.TestAppian -->
